<?xml version="1.0" encoding="UTF-8"?>
<!-- Generated by org.testng.reporters.JUnitXMLReporter -->
<testsuite ignored="0" hostname="DESKTOP-9B8839P" failures="1" tests="8" name="Landing Page in Chrome" time="11.396" errors="0" timestamp="2022-08-12T16:28:22 EDT">
  <testcase classname="com.qa.app.tests.LandingPageTest" name="landingPageTittleTest" time="0.022">
    <skipped/>
  </testcase> <!-- landingPageTittleTest -->
  <testcase classname="com.qa.app.tests.LandingPageTest" name="landingPageTittleTest" time="0.011">
    <skipped/>
  </testcase> <!-- landingPageTittleTest -->
  <testcase classname="com.qa.app.tests.LandingPageTest" name="landingPageTittleTest" time="0.011">
    <skipped/>
  </testcase> <!-- landingPageTittleTest -->
  <testcase classname="com.qa.app.tests.LandingPageTest" name="landingPageTittleTest" time="0.008">
    <failure type="java.lang.AssertionError" message="expected [Rahul Shetty Academy123] but found [Rahul Shetty Academy]">
      <![CDATA[java.lang.AssertionError: expected [Rahul Shetty Academy123] but found [Rahul Shetty Academy]
at org.testng.Assert.fail(Assert.java:99)
at org.testng.Assert.failNotEquals(Assert.java:1037)
at org.testng.Assert.assertEqualsImpl(Assert.java:140)
at org.testng.Assert.assertEquals(Assert.java:122)
at org.testng.Assert.assertEquals(Assert.java:629)
at org.testng.Assert.assertEquals(Assert.java:639)
at com.qa.app.tests.LandingPageTest.landingPageTittleTest(LandingPageTest.java:25)
at java.base/jdk.internal.reflect.NativeMethodAccessorImpl.invoke0(Native Method)
at java.base/jdk.internal.reflect.NativeMethodAccessorImpl.invoke(NativeMethodAccessorImpl.java:77)
at java.base/jdk.internal.reflect.DelegatingMethodAccessorImpl.invoke(DelegatingMethodAccessorImpl.java:43)
at java.base/java.lang.reflect.Method.invoke(Method.java:568)
at org.testng.internal.MethodInvocationHelper.invokeMethod(MethodInvocationHelper.java:133)
at org.testng.internal.TestInvoker.invokeMethod(TestInvoker.java:598)
at org.testng.internal.TestInvoker.retryFailed(TestInvoker.java:213)
at org.testng.internal.MethodRunner.runInSequence(MethodRunner.java:58)
at org.testng.internal.TestInvoker$MethodInvocationAgent.invoke(TestInvoker.java:824)
at org.testng.internal.TestInvoker.invokeTestMethods(TestInvoker.java:146)
at org.testng.internal.TestMethodWorker.invokeTestMethods(TestMethodWorker.java:146)
at org.testng.internal.TestMethodWorker.run(TestMethodWorker.java:128)
at java.base/java.util.ArrayList.forEach(ArrayList.java:1511)
at org.testng.TestRunner.privateRun(TestRunner.java:794)
at org.testng.TestRunner.run(TestRunner.java:596)
at org.testng.SuiteRunner.runTest(SuiteRunner.java:377)
at org.testng.SuiteRunner.access$000(SuiteRunner.java:28)
at org.testng.SuiteRunner$SuiteWorker.run(SuiteRunner.java:418)
at org.testng.internal.thread.ThreadUtil.lambda$execute$0(ThreadUtil.java:64)
at java.base/java.util.concurrent.FutureTask.run(FutureTask.java:264)
at java.base/java.util.concurrent.ThreadPoolExecutor.runWorker(ThreadPoolExecutor.java:1136)
at java.base/java.util.concurrent.ThreadPoolExecutor$Worker.run(ThreadPoolExecutor.java:635)
at java.base/java.lang.Thread.run(Thread.java:833)
]]>
    </failure>
  </testcase> <!-- landingPageTittleTest -->
  <testcase classname="com.qa.app.tests.LandingPageTest" name="verifyHeader" time="0.066"/>
  <testcase classname="com.qa.app.tests.LandingPageTest" name="verifyLoginButton" time="0.075"/>
  <testcase classname="com.qa.app.tests.LandingPageTest" name="verifyJoinbutton" time="0.071"/>
  <testcase classname="com.qa.app.tests.LandingPageTest" name="getLogin" time="1.732"/>
</testsuite> <!-- Landing Page in Chrome -->
