<?xml version="1.0" encoding="UTF-8"?>
<!-- Generated by org.testng.reporters.JUnitXMLReporter -->
<testsuite ignored="0" hostname="DESKTOP-9B8839P" failures="1" tests="8" name="Landing Page in Chrome" time="12.411" errors="0" timestamp="2022-08-12T16:51:18 EDT">
  <testcase classname="com.qa.app.tests.LandingPageTest" name="landingPageTittleTest" time="0.04">
    <skipped/>
  </testcase> <!-- landingPageTittleTest -->
  <testcase classname="com.qa.app.tests.LandingPageTest" name="landingPageTittleTest" time="0.008">
    <skipped/>
  </testcase> <!-- landingPageTittleTest -->
  <testcase classname="com.qa.app.tests.LandingPageTest" name="landingPageTittleTest" time="0.007">
    <skipped/>
  </testcase> <!-- landingPageTittleTest -->
  <testcase classname="com.qa.app.tests.LandingPageTest" name="landingPageTittleTest" time="0.009">
    <failure type="java.lang.AssertionError" message="expected [Rahul Shetty Academy123] but found [Rahul Shetty Academy]">
      <![CDATA[java.lang.AssertionError: expected [Rahul Shetty Academy123] but found [Rahul Shetty Academy]
at com.qa.app.tests.LandingPageTest.landingPageTittleTest(LandingPageTest.java:25)
at java.base/java.util.ArrayList.forEach(ArrayList.java:1541)
at java.base/java.util.concurrent.FutureTask.run(FutureTask.java:264)
at java.base/java.util.concurrent.ThreadPoolExecutor.runWorker(ThreadPoolExecutor.java:1128)
at java.base/java.util.concurrent.ThreadPoolExecutor$Worker.run(ThreadPoolExecutor.java:628)
at java.base/java.lang.Thread.run(Thread.java:834)
... Removed 23 stack frames]]>
    </failure>
  </testcase> <!-- landingPageTittleTest -->
  <testcase classname="com.qa.app.tests.LandingPageTest" name="verifyHeader" time="0.07"/>
  <testcase classname="com.qa.app.tests.LandingPageTest" name="verifyLoginButton" time="0.075"/>
  <testcase classname="com.qa.app.tests.LandingPageTest" name="verifyJoinbutton" time="0.074"/>
  <testcase classname="com.qa.app.tests.LandingPageTest" name="getLogin" time="1.6"/>
</testsuite> <!-- Landing Page in Chrome -->
