<?xml version="1.0" encoding="UTF-8"?>
<!-- Generated by org.testng.reporters.JUnitReportReporter -->
<testsuite hostname="DESKTOP-9B8839P" failures="0" tests="16" name="com.qa.app.tests.LoginPageTest" time="38.141" errors="2" timestamp="2022-08-12T19:47:20 EDT" skipped="6">
  <testcase classname="com.qa.app.tests.LoginPageTest" name="verifyLoginPageHeader" time="0.070"/>
  <system-out/>
  <testcase classname="com.qa.app.tests.LoginPageTest" name="verifyLoginPageHeader" time="0.379"/>
  <system-out/>
  <testcase classname="com.qa.app.tests.LoginPageTest" name="verifyRememberMeLink" time="0.079"/>
  <system-out/>
  <testcase classname="com.qa.app.tests.LoginPageTest" name="verifyRememberMeLink" time="0.301"/>
  <system-out/>
  <testcase classname="com.qa.app.tests.LoginPageTest" name="verifySignUp" time="0.075"/>
  <system-out/>
  <testcase classname="com.qa.app.tests.LoginPageTest" name="verifySignUp" time="0.227"/>
  <system-out/>
  <testcase classname="com.qa.app.tests.LoginPageTest" name="verifyForgotPassword" time="0.084"/>
  <system-out/>
  <testcase classname="com.qa.app.tests.LoginPageTest" name="verifyForgotPassword" time="0.071"/>
  <system-out/>
  <testcase classname="com.qa.app.tests.LoginPageTest" name="doLogin" time="3.511">
    <skipped/>
  </testcase> <!-- doLogin -->
  <system-out/>
  <testcase classname="com.qa.app.tests.LoginPageTest" name="doLogin" time="5.022">
    <error message="Cannot invoke &quot;org.openqa.selenium.WebElement.sendKeys(java.lang.CharSequence[])&quot; because the return value of &quot;com.qa.app.pages.LoginPage.getEmailID()&quot; is null" type="java.lang.NullPointerException">
      <![CDATA[java.lang.NullPointerException: Cannot invoke "org.openqa.selenium.WebElement.sendKeys(java.lang.CharSequence[])" because the return value of "com.qa.app.pages.LoginPage.getEmailID()" is null
at com.qa.app.pages.LoginPage.doLogin(LoginPage.java:54)
at com.qa.app.tests.LoginPageTest.doLogin(LoginPageTest.java:44)
at java.base/jdk.internal.reflect.NativeMethodAccessorImpl.invoke0(Native Method)
at java.base/jdk.internal.reflect.NativeMethodAccessorImpl.invoke(NativeMethodAccessorImpl.java:77)
at java.base/jdk.internal.reflect.DelegatingMethodAccessorImpl.invoke(DelegatingMethodAccessorImpl.java:43)
at java.base/java.lang.reflect.Method.invoke(Method.java:568)
at org.testng.internal.invokers.MethodInvocationHelper.invokeMethod(MethodInvocationHelper.java:139)
at org.testng.internal.invokers.TestInvoker.invokeMethod(TestInvoker.java:677)
at org.testng.internal.invokers.TestInvoker.retryFailed(TestInvoker.java:263)
at org.testng.internal.invokers.MethodRunner.runInSequence(MethodRunner.java:62)
at org.testng.internal.invokers.TestInvoker$MethodInvocationAgent.invoke(TestInvoker.java:962)
at org.testng.internal.invokers.TestInvoker.invokeTestMethods(TestInvoker.java:194)
at org.testng.internal.invokers.TestMethodWorker.invokeTestMethods(TestMethodWorker.java:148)
at org.testng.internal.invokers.TestMethodWorker.run(TestMethodWorker.java:128)
at java.base/java.util.ArrayList.forEach(ArrayList.java:1511)
at org.testng.TestRunner.privateRun(TestRunner.java:806)
at org.testng.TestRunner.run(TestRunner.java:601)
at org.testng.SuiteRunner.runTest(SuiteRunner.java:433)
at org.testng.SuiteRunner$SuiteWorker.run(SuiteRunner.java:471)
at org.testng.internal.thread.ThreadUtil.lambda$execute$0(ThreadUtil.java:58)
at java.base/java.util.concurrent.FutureTask.run(FutureTask.java:264)
at java.base/java.util.concurrent.ThreadPoolExecutor.runWorker(ThreadPoolExecutor.java:1136)
at java.base/java.util.concurrent.ThreadPoolExecutor$Worker.run(ThreadPoolExecutor.java:635)
at java.base/java.lang.Thread.run(Thread.java:833)
]]>
    </error>
  </testcase> <!-- doLogin -->
  <system-out/>
  <testcase classname="com.qa.app.tests.LoginPageTest" name="doLogin" time="5.057">
    <skipped/>
  </testcase> <!-- doLogin -->
  <system-out/>
  <testcase classname="com.qa.app.tests.LoginPageTest" name="doLogin" time="5.054">
    <skipped/>
  </testcase> <!-- doLogin -->
  <system-out/>
  <testcase classname="com.qa.app.tests.LoginPageTest" name="doLogin" time="5.017">
    <error message="Cannot invoke &quot;org.openqa.selenium.WebElement.sendKeys(java.lang.CharSequence[])&quot; because the return value of &quot;com.qa.app.pages.LoginPage.getEmailID()&quot; is null" type="java.lang.NullPointerException">
      <![CDATA[java.lang.NullPointerException: Cannot invoke "org.openqa.selenium.WebElement.sendKeys(java.lang.CharSequence[])" because the return value of "com.qa.app.pages.LoginPage.getEmailID()" is null
at com.qa.app.pages.LoginPage.doLogin(LoginPage.java:54)
at com.qa.app.tests.LoginPageTest.doLogin(LoginPageTest.java:44)
at java.base/jdk.internal.reflect.NativeMethodAccessorImpl.invoke0(Native Method)
at java.base/jdk.internal.reflect.NativeMethodAccessorImpl.invoke(NativeMethodAccessorImpl.java:77)
at java.base/jdk.internal.reflect.DelegatingMethodAccessorImpl.invoke(DelegatingMethodAccessorImpl.java:43)
at java.base/java.lang.reflect.Method.invoke(Method.java:568)
at org.testng.internal.invokers.MethodInvocationHelper.invokeMethod(MethodInvocationHelper.java:139)
at org.testng.internal.invokers.TestInvoker.invokeMethod(TestInvoker.java:677)
at org.testng.internal.invokers.TestInvoker.retryFailed(TestInvoker.java:263)
at org.testng.internal.invokers.MethodRunner.runInSequence(MethodRunner.java:62)
at org.testng.internal.invokers.TestInvoker$MethodInvocationAgent.invoke(TestInvoker.java:962)
at org.testng.internal.invokers.TestInvoker.invokeTestMethods(TestInvoker.java:194)
at org.testng.internal.invokers.TestMethodWorker.invokeTestMethods(TestMethodWorker.java:148)
at org.testng.internal.invokers.TestMethodWorker.run(TestMethodWorker.java:128)
at java.base/java.util.ArrayList.forEach(ArrayList.java:1511)
at org.testng.TestRunner.privateRun(TestRunner.java:806)
at org.testng.TestRunner.run(TestRunner.java:601)
at org.testng.SuiteRunner.runTest(SuiteRunner.java:433)
at org.testng.SuiteRunner$SuiteWorker.run(SuiteRunner.java:471)
at org.testng.internal.thread.ThreadUtil.lambda$execute$0(ThreadUtil.java:58)
at java.base/java.util.concurrent.FutureTask.run(FutureTask.java:264)
at java.base/java.util.concurrent.ThreadPoolExecutor.runWorker(ThreadPoolExecutor.java:1136)
at java.base/java.util.concurrent.ThreadPoolExecutor$Worker.run(ThreadPoolExecutor.java:635)
at java.base/java.lang.Thread.run(Thread.java:833)
]]>
    </error>
  </testcase> <!-- doLogin -->
  <system-out/>
  <testcase classname="com.qa.app.tests.LoginPageTest" name="doLogin" time="5.041">
    <skipped/>
  </testcase> <!-- doLogin -->
  <system-out/>
  <testcase classname="com.qa.app.tests.LoginPageTest" name="doLogin" time="3.103">
    <skipped/>
  </testcase> <!-- doLogin -->
  <system-out/>
  <testcase classname="com.qa.app.tests.LoginPageTest" name="doLogin" time="5.050">
    <skipped/>
  </testcase> <!-- doLogin -->
  <system-out/>
</testsuite> <!-- com.qa.app.tests.LoginPageTest -->
